<?xml version="1.0" encoding="UTF-8"?>
<testng-results skipped="0" failed="0" ignored="0" total="1" passed="1">
  <reporter-output>
  </reporter-output>
  <suite name="Default suite" duration-ms="14997" started-at="2019-04-27T07:44:23Z" finished-at="2019-04-27T07:44:38Z">
    <groups>
      <group name="sanity">
        <method signature="LoginTest.Login(java.lang.String, java.lang.String)[pri:0, instance:com.training.TestCases.LoginTest@2b98378d]" name="Login" class="com.training.TestCases.LoginTest"/>
      </group> <!-- sanity -->
    </groups>
    <test name="Default test" duration-ms="14997" started-at="2019-04-27T07:44:23Z" finished-at="2019-04-27T07:44:38Z">
      <class name="com.training.TestCases.LoginTest">
        <test-method status="PASS" signature="setUp()[pri:0, instance:com.training.TestCases.LoginTest@2b98378d]" name="setUp" is-config="true" duration-ms="10135" started-at="2019-04-27T13:14:24Z" finished-at="2019-04-27T13:14:34Z">
          <reporter-output>
          </reporter-output>
        </test-method> <!-- setUp -->
        <test-method status="PASS" signature="Login(java.lang.String, java.lang.String)[pri:0, instance:com.training.TestCases.LoginTest@2b98378d]" name="Login" duration-ms="3042" started-at="2019-04-27T13:14:34Z" data-provider="ExcelDP" finished-at="2019-04-27T13:14:37Z">
          <params>
            <param index="0">
              <value>
                <![CDATA[Test1]]>
              </value>
            </param>
            <param index="1">
              <value>
                <![CDATA[pwd1]]>
              </value>
            </param>
          </params>
          <reporter-output>
          </reporter-output>
        </test-method> <!-- Login -->
        <test-method status="PASS" signature="TarDown()[pri:0, instance:com.training.TestCases.LoginTest@2b98378d]" name="TarDown" is-config="true" duration-ms="833" started-at="2019-04-27T13:14:37Z" finished-at="2019-04-27T13:14:38Z">
          <reporter-output>
          </reporter-output>
        </test-method> <!-- TarDown -->
      </class> <!-- com.training.TestCases.LoginTest -->
    </test> <!-- Default test -->
  </suite> <!-- Default suite -->
</testng-results>
